<?xml version="1.0" encoding="UTF-8"?>
<!-- Generated by org.testng.reporters.JUnitReportReporter -->
<testsuite hostname="LAPTOP-PKJ9RQFS" failures="0" tests="2" name="com.test.runner.TestRunner" time="9.156" errors="0" timestamp="2025-08-12T22:39:48 IST" skipped="0">
  <testcase classname="com.test.runner.TestRunner" name="runCucumberTests" time="0.002"/>
  <testcase classname="com.test.runner.TestRunner" name="runScenario" time="9.154"/>
</testsuite> <!-- com.test.runner.TestRunner -->
